<?xml version="1.0" encoding="UTF-8"?>
<!-- Generated by org.testng.reporters.JUnitReportReporter -->
<testsuite skipped="0" hostname="DESKTOP-NPHLR4K" name="com.stls.test.InvalidLogin" tests="1" failures="0" timestamp="16 Nov 2018 05:20:57 GMT" time="18.822" errors="0">
  <testcase name="InvalidLogin" time="18.822" classname="com.stls.test.InvalidLogin"/>
</testsuite> <!-- com.stls.test.InvalidLogin -->
