<?xml version="1.0" encoding="UTF-8"?>
<!-- Generated by org.testng.reporters.JUnitReportReporter -->
<testsuite skipped="0" hostname="DESKTOP-NPHLR4K" name="com.stls.test.HomePageTest" tests="1" failures="0" timestamp="16 Nov 2018 05:20:57 GMT" time="10.687" errors="0">
  <testcase name="HomePageTest" time="10.687" classname="com.stls.test.HomePageTest"/>
</testsuite> <!-- com.stls.test.HomePageTest -->
