<?xml version="1.0" encoding="UTF-8"?>
<!-- Generated by org.testng.reporters.JUnitReportReporter -->
<testsuite skipped="0" hostname="DESKTOP-NPHLR4K" name="com.stls.test.VerifyUserPageTest" tests="1" failures="0" timestamp="16 Nov 2018 05:20:57 GMT" time="16.619" errors="0">
  <testcase name="VerifyUserPageTest" time="16.619" classname="com.stls.test.VerifyUserPageTest"/>
</testsuite> <!-- com.stls.test.VerifyUserPageTest -->
